d:\mappedfolder\gitroot\sparsevirtualtexture\build\miniengine\dependencies\directxtex\directxtex.dir\debug\cmake_pch.pch
d:\mappedfolder\gitroot\sparsevirtualtexture\build\miniengine\dependencies\directxtex\debug\directxtex.pdb
d:\mappedfolder\gitroot\sparsevirtualtexture\build\miniengine\dependencies\directxtex\directxtex.dir\debug\cmake_pch.obj
d:\mappedfolder\gitroot\sparsevirtualtexture\build\miniengine\dependencies\directxtex\directxtex.dir\debug\directxtexd3d12.obj
d:\mappedfolder\gitroot\sparsevirtualtexture\build\miniengine\dependencies\directxtex\directxtex.dir\debug\directxtexwic.obj
d:\mappedfolder\gitroot\sparsevirtualtexture\build\miniengine\dependencies\directxtex\directxtex.dir\debug\directxtexfliprotate.obj
d:\mappedfolder\gitroot\sparsevirtualtexture\build\miniengine\dependencies\directxtex\directxtex.dir\debug\directxtexutil.obj
d:\mappedfolder\gitroot\sparsevirtualtexture\build\miniengine\dependencies\directxtex\directxtex.dir\debug\directxtextga.obj
d:\mappedfolder\gitroot\sparsevirtualtexture\build\miniengine\dependencies\directxtex\directxtex.dir\debug\directxtexresize.obj
d:\mappedfolder\gitroot\sparsevirtualtexture\build\miniengine\dependencies\directxtex\directxtex.dir\debug\directxtexpmalpha.obj
d:\mappedfolder\gitroot\sparsevirtualtexture\build\miniengine\dependencies\directxtex\directxtex.dir\debug\directxtexnormalmaps.obj
d:\mappedfolder\gitroot\sparsevirtualtexture\build\miniengine\dependencies\directxtex\directxtex.dir\debug\directxtexmisc.obj
d:\mappedfolder\gitroot\sparsevirtualtexture\build\miniengine\dependencies\directxtex\directxtex.dir\debug\directxtexmipmaps.obj
d:\mappedfolder\gitroot\sparsevirtualtexture\build\miniengine\dependencies\directxtex\directxtex.dir\debug\directxteximage.obj
d:\mappedfolder\gitroot\sparsevirtualtexture\build\miniengine\dependencies\directxtex\directxtex.dir\debug\directxtexhdr.obj
d:\mappedfolder\gitroot\sparsevirtualtexture\build\miniengine\dependencies\directxtex\directxtex.dir\debug\directxtexdds.obj
d:\mappedfolder\gitroot\sparsevirtualtexture\build\miniengine\dependencies\directxtex\directxtex.dir\debug\directxtexconvert.obj
d:\mappedfolder\gitroot\sparsevirtualtexture\build\miniengine\dependencies\directxtex\directxtex.dir\debug\directxtexcompress.obj
d:\mappedfolder\gitroot\sparsevirtualtexture\build\miniengine\dependencies\directxtex\directxtex.dir\debug\bc6hbc7.obj
d:\mappedfolder\gitroot\sparsevirtualtexture\build\miniengine\dependencies\directxtex\directxtex.dir\debug\bc4bc5.obj
d:\mappedfolder\gitroot\sparsevirtualtexture\build\miniengine\dependencies\directxtex\directxtex.dir\debug\bc.obj
d:\mappedfolder\gitroot\sparsevirtualtexture\build\miniengine\dependencies\directxtex\cmakefiles\generate.stamp
d:\mappedfolder\gitroot\sparsevirtualtexture\build\miniengine\dependencies\directxtex\debug\directxtex.lib
d:\mappedfolder\gitroot\sparsevirtualtexture\build\miniengine\dependencies\directxtex\directxtex.dir\debug\directxtex.tlog\cl.command.1.tlog
d:\mappedfolder\gitroot\sparsevirtualtexture\build\miniengine\dependencies\directxtex\directxtex.dir\debug\directxtex.tlog\cl.items.tlog
d:\mappedfolder\gitroot\sparsevirtualtexture\build\miniengine\dependencies\directxtex\directxtex.dir\debug\directxtex.tlog\cl.read.1.tlog
d:\mappedfolder\gitroot\sparsevirtualtexture\build\miniengine\dependencies\directxtex\directxtex.dir\debug\directxtex.tlog\cl.write.1.tlog
d:\mappedfolder\gitroot\sparsevirtualtexture\build\miniengine\dependencies\directxtex\directxtex.dir\debug\directxtex.tlog\custombuild.command.1.tlog
d:\mappedfolder\gitroot\sparsevirtualtexture\build\miniengine\dependencies\directxtex\directxtex.dir\debug\directxtex.tlog\custombuild.read.1.tlog
d:\mappedfolder\gitroot\sparsevirtualtexture\build\miniengine\dependencies\directxtex\directxtex.dir\debug\directxtex.tlog\custombuild.write.1.tlog
d:\mappedfolder\gitroot\sparsevirtualtexture\build\miniengine\dependencies\directxtex\directxtex.dir\debug\directxtex.tlog\lib-link.read.1.tlog
d:\mappedfolder\gitroot\sparsevirtualtexture\build\miniengine\dependencies\directxtex\directxtex.dir\debug\directxtex.tlog\lib-link.write.1.tlog
d:\mappedfolder\gitroot\sparsevirtualtexture\build\miniengine\dependencies\directxtex\directxtex.dir\debug\directxtex.tlog\lib.command.1.tlog
