d:\mappedfolder\gitroot\samplerfeedbackstreaming\build\x64\debug\intermediate\core\core.pch
d:\mappedfolder\gitroot\samplerfeedbackstreaming\build\x64\debug\output\core\core.pdb
d:\mappedfolder\gitroot\samplerfeedbackstreaming\build\x64\debug\intermediate\core\pch.obj
d:\mappedfolder\gitroot\samplerfeedbackstreaming\build\x64\debug\intermediate\core\fxaa.obj
d:\mappedfolder\gitroot\samplerfeedbackstreaming\build\x64\debug\intermediate\core\fileutility.obj
d:\mappedfolder\gitroot\samplerfeedbackstreaming\build\x64\debug\intermediate\core\enginetuning.obj
d:\mappedfolder\gitroot\samplerfeedbackstreaming\build\x64\debug\intermediate\core\engineprofiling.obj
d:\mappedfolder\gitroot\samplerfeedbackstreaming\build\x64\debug\intermediate\core\descriptorheap.obj
d:\mappedfolder\gitroot\samplerfeedbackstreaming\build\x64\debug\intermediate\core\dynamicdescriptorheap.obj
d:\mappedfolder\gitroot\samplerfeedbackstreaming\build\x64\debug\intermediate\core\depthoffield.obj
d:\mappedfolder\gitroot\samplerfeedbackstreaming\build\x64\debug\intermediate\core\depthbuffer.obj
d:\mappedfolder\gitroot\samplerfeedbackstreaming\build\x64\debug\intermediate\core\ddstextureloader.obj
d:\mappedfolder\gitroot\samplerfeedbackstreaming\build\x64\debug\intermediate\core\commandsignature.obj
d:\mappedfolder\gitroot\samplerfeedbackstreaming\build\x64\debug\intermediate\core\commandlistmanager.obj
d:\mappedfolder\gitroot\samplerfeedbackstreaming\build\x64\debug\intermediate\core\commandcontext.obj
d:\mappedfolder\gitroot\samplerfeedbackstreaming\build\x64\debug\intermediate\core\commandallocatorpool.obj
d:\mappedfolder\gitroot\samplerfeedbackstreaming\build\x64\debug\intermediate\core\colorbuffer.obj
d:\mappedfolder\gitroot\samplerfeedbackstreaming\build\x64\debug\intermediate\core\color.obj
d:\mappedfolder\gitroot\samplerfeedbackstreaming\build\x64\debug\intermediate\core\cameracontroller.obj
d:\mappedfolder\gitroot\samplerfeedbackstreaming\build\x64\debug\intermediate\core\camera.obj
d:\mappedfolder\gitroot\samplerfeedbackstreaming\build\x64\debug\intermediate\core\buffermanager.obj
d:\mappedfolder\gitroot\samplerfeedbackstreaming\build\x64\debug\intermediate\core\buddyallocator.obj
d:\mappedfolder\gitroot\samplerfeedbackstreaming\build\x64\debug\intermediate\core\bitonicsort.obj
d:\mappedfolder\gitroot\samplerfeedbackstreaming\build\x64\debug\intermediate\core\display.obj
d:\mappedfolder\gitroot\samplerfeedbackstreaming\build\x64\debug\intermediate\core\posteffects.obj
d:\mappedfolder\gitroot\samplerfeedbackstreaming\build\x64\debug\intermediate\core\pixelbuffer.obj
d:\mappedfolder\gitroot\samplerfeedbackstreaming\build\x64\debug\intermediate\core\pipelinestate.obj
d:\mappedfolder\gitroot\samplerfeedbackstreaming\build\x64\debug\intermediate\core\particleemissionproperties.obj
d:\mappedfolder\gitroot\samplerfeedbackstreaming\build\x64\debug\intermediate\core\particleeffectmanager.obj
d:\mappedfolder\gitroot\samplerfeedbackstreaming\build\x64\debug\intermediate\core\particleeffect.obj
d:\mappedfolder\gitroot\samplerfeedbackstreaming\build\x64\debug\intermediate\core\motionblur.obj
d:\mappedfolder\gitroot\samplerfeedbackstreaming\build\x64\debug\intermediate\core\random.obj
d:\mappedfolder\gitroot\samplerfeedbackstreaming\build\x64\debug\intermediate\core\frustum.obj
d:\mappedfolder\gitroot\samplerfeedbackstreaming\build\x64\debug\intermediate\core\boundingsphere.obj
d:\mappedfolder\gitroot\samplerfeedbackstreaming\build\x64\debug\intermediate\core\linearallocator.obj
d:\mappedfolder\gitroot\samplerfeedbackstreaming\build\x64\debug\intermediate\core\imagescaling.obj
d:\mappedfolder\gitroot\samplerfeedbackstreaming\build\x64\debug\intermediate\core\graphrenderer.obj
d:\mappedfolder\gitroot\samplerfeedbackstreaming\build\x64\debug\intermediate\core\graphicscore.obj
d:\mappedfolder\gitroot\samplerfeedbackstreaming\build\x64\debug\intermediate\core\graphicscommon.obj
d:\mappedfolder\gitroot\samplerfeedbackstreaming\build\x64\debug\intermediate\core\gputimemanager.obj
d:\mappedfolder\gitroot\samplerfeedbackstreaming\build\x64\debug\intermediate\core\gpubuffer.obj
d:\mappedfolder\gitroot\samplerfeedbackstreaming\build\x64\debug\intermediate\core\gamecore.obj
d:\mappedfolder\gitroot\samplerfeedbackstreaming\build\x64\debug\intermediate\core\input.obj
d:\mappedfolder\gitroot\samplerfeedbackstreaming\build\x64\debug\intermediate\core\commandlinearg.obj
d:\mappedfolder\gitroot\samplerfeedbackstreaming\build\x64\debug\intermediate\core\utility.obj
d:\mappedfolder\gitroot\samplerfeedbackstreaming\build\x64\debug\intermediate\core\uploadbuffer.obj
d:\mappedfolder\gitroot\samplerfeedbackstreaming\build\x64\debug\intermediate\core\texturemanager.obj
d:\mappedfolder\gitroot\samplerfeedbackstreaming\build\x64\debug\intermediate\core\texture.obj
d:\mappedfolder\gitroot\samplerfeedbackstreaming\build\x64\debug\intermediate\core\textrenderer.obj
d:\mappedfolder\gitroot\samplerfeedbackstreaming\build\x64\debug\intermediate\core\temporaleffects.obj
d:\mappedfolder\gitroot\samplerfeedbackstreaming\build\x64\debug\intermediate\core\systemtime.obj
d:\mappedfolder\gitroot\samplerfeedbackstreaming\build\x64\debug\intermediate\core\ssao.obj
d:\mappedfolder\gitroot\samplerfeedbackstreaming\build\x64\debug\intermediate\core\shadowcamera.obj
d:\mappedfolder\gitroot\samplerfeedbackstreaming\build\x64\debug\intermediate\core\shadowbuffer.obj
d:\mappedfolder\gitroot\samplerfeedbackstreaming\build\x64\debug\intermediate\core\samplermanager.obj
d:\mappedfolder\gitroot\samplerfeedbackstreaming\build\x64\debug\intermediate\core\rootsignature.obj
d:\mappedfolder\gitroot\samplerfeedbackstreaming\build\x64\debug\intermediate\core\readbackbuffer.obj
d:\mappedfolder\gitroot\build\x64\debug\output\core\compiledshaders\adaptexposurecs.h
d:\mappedfolder\gitroot\build\x64\debug\output\core\compiledshaders\aoblurupsampleblendoutcs.h
d:\mappedfolder\gitroot\build\x64\debug\output\core\compiledshaders\aoblurupsamplecs.h
d:\mappedfolder\gitroot\build\x64\debug\output\core\compiledshaders\aoblurupsamplepreminblendoutcs.h
d:\mappedfolder\gitroot\build\x64\debug\output\core\compiledshaders\aoblurupsamplepremincs.h
d:\mappedfolder\gitroot\build\x64\debug\output\core\compiledshaders\aopreparedepthbuffers1cs.h
d:\mappedfolder\gitroot\build\x64\debug\output\core\compiledshaders\aopreparedepthbuffers2cs.h
d:\mappedfolder\gitroot\build\x64\debug\output\core\compiledshaders\aorender1cs.h
d:\mappedfolder\gitroot\build\x64\debug\output\core\compiledshaders\aorender2cs.h
d:\mappedfolder\gitroot\build\x64\debug\output\core\compiledshaders\applybloom2cs.h
d:\mappedfolder\gitroot\build\x64\debug\output\core\compiledshaders\applybloomcs.h
d:\mappedfolder\gitroot\build\x64\debug\output\core\compiledshaders\averagelumacs.h
d:\mappedfolder\gitroot\build\x64\debug\output\core\compiledshaders\bicubichorizontalupsampleps.h
d:\mappedfolder\gitroot\build\x64\debug\output\core\compiledshaders\bicubicupsamplecs.h
d:\mappedfolder\gitroot\build\x64\debug\output\core\compiledshaders\bicubicupsamplefast16cs.h
d:\mappedfolder\gitroot\build\x64\debug\output\core\compiledshaders\bicubicupsamplefast24cs.h
d:\mappedfolder\gitroot\build\x64\debug\output\core\compiledshaders\bicubicupsamplefast32cs.h
d:\mappedfolder\gitroot\build\x64\debug\output\core\compiledshaders\bicubicupsamplegammaps.h
d:\mappedfolder\gitroot\build\x64\debug\output\core\compiledshaders\bicubicupsampleps.h
d:\mappedfolder\gitroot\build\x64\debug\output\core\compiledshaders\bicubicverticalupsampleps.h
d:\mappedfolder\gitroot\build\x64\debug\output\core\compiledshaders\bilinearupsampleps.h
d:\mappedfolder\gitroot\build\x64\debug\output\core\compiledshaders\bitonic32innersortcs.h
d:\mappedfolder\gitroot\build\x64\debug\output\core\compiledshaders\bitonic32outersortcs.h
d:\mappedfolder\gitroot\build\x64\debug\output\core\compiledshaders\bitonic32presortcs.h
d:\mappedfolder\gitroot\build\x64\debug\output\core\compiledshaders\bitonic64innersortcs.h
d:\mappedfolder\gitroot\build\x64\debug\output\core\compiledshaders\bitonic64outersortcs.h
d:\mappedfolder\gitroot\build\x64\debug\output\core\compiledshaders\bitonic64presortcs.h
d:\mappedfolder\gitroot\build\x64\debug\output\core\compiledshaders\bitonicindirectargscs.h
d:\mappedfolder\gitroot\build\x64\debug\output\core\compiledshaders\blenduihdrps.h
d:\mappedfolder\gitroot\build\x64\debug\output\core\compiledshaders\bloomextractanddownsamplehdrcs.h
d:\mappedfolder\gitroot\build\x64\debug\output\core\compiledshaders\bloomextractanddownsampleldrcs.h
d:\mappedfolder\gitroot\build\x64\debug\output\core\compiledshaders\blurcs.h
d:\mappedfolder\gitroot\build\x64\debug\output\core\compiledshaders\boundneighborhoodcs.h
d:\mappedfolder\gitroot\build\x64\debug\output\core\compiledshaders\buffercopyps.h
d:\mappedfolder\gitroot\build\x64\debug\output\core\compiledshaders\cameramotionblurprepasscs.h
d:\mappedfolder\gitroot\build\x64\debug\output\core\compiledshaders\cameramotionblurprepasslinearzcs.h
d:\mappedfolder\gitroot\build\x64\debug\output\core\compiledshaders\cameravelocitycs.h
d:\mappedfolder\gitroot\build\x64\debug\output\core\compiledshaders\compositehdrps.h
d:\mappedfolder\gitroot\build\x64\debug\output\core\compiledshaders\compositesdrps.h
d:\mappedfolder\gitroot\build\x64\debug\output\core\compiledshaders\copybackpostbuffercs.h
d:\mappedfolder\gitroot\build\x64\debug\output\core\compiledshaders\debugdrawhistogramcs.h
d:\mappedfolder\gitroot\build\x64\debug\output\core\compiledshaders\debugluminancehdr2cs.h
d:\mappedfolder\gitroot\build\x64\debug\output\core\compiledshaders\debugluminancehdrcs.h
d:\mappedfolder\gitroot\build\x64\debug\output\core\compiledshaders\debugluminanceldr2cs.h
d:\mappedfolder\gitroot\build\x64\debug\output\core\compiledshaders\debugluminanceldrcs.h
d:\mappedfolder\gitroot\build\x64\debug\output\core\compiledshaders\debugssaocs.h
d:\mappedfolder\gitroot\build\x64\debug\output\core\compiledshaders\dofcombine2cs.h
d:\mappedfolder\gitroot\build\x64\debug\output\core\compiledshaders\dofcombinecs.h
d:\mappedfolder\gitroot\build\x64\debug\output\core\compiledshaders\dofcombinefast2cs.h
d:\mappedfolder\gitroot\build\x64\debug\output\core\compiledshaders\dofcombinefastcs.h
d:\mappedfolder\gitroot\build\x64\debug\output\core\compiledshaders\dofdebugbluecs.h
d:\mappedfolder\gitroot\build\x64\debug\output\core\compiledshaders\dofdebuggreencs.h
d:\mappedfolder\gitroot\build\x64\debug\output\core\compiledshaders\dofdebugredcs.h
d:\mappedfolder\gitroot\build\x64\debug\output\core\compiledshaders\dofmedianfiltercs.h
d:\mappedfolder\gitroot\build\x64\debug\output\core\compiledshaders\dofmedianfilterfixupcs.h
d:\mappedfolder\gitroot\build\x64\debug\output\core\compiledshaders\dofmedianfiltersepalphacs.h
d:\mappedfolder\gitroot\build\x64\debug\output\core\compiledshaders\dofpass1cs.h
d:\mappedfolder\gitroot\build\x64\debug\output\core\compiledshaders\dofpass2cs.h
d:\mappedfolder\gitroot\build\x64\debug\output\core\compiledshaders\dofpass2debugcs.h
d:\mappedfolder\gitroot\build\x64\debug\output\core\compiledshaders\dofpass2fastcs.h
d:\mappedfolder\gitroot\build\x64\debug\output\core\compiledshaders\dofpass2fixupcs.h
d:\mappedfolder\gitroot\build\x64\debug\output\core\compiledshaders\dofprefiltercs.h
d:\mappedfolder\gitroot\build\x64\debug\output\core\compiledshaders\dofprefilterfastcs.h
d:\mappedfolder\gitroot\build\x64\debug\output\core\compiledshaders\dofprefilterfixupcs.h
d:\mappedfolder\gitroot\build\x64\debug\output\core\compiledshaders\doftilepasscs.h
d:\mappedfolder\gitroot\build\x64\debug\output\core\compiledshaders\doftilepassfixupcs.h
d:\mappedfolder\gitroot\build\x64\debug\output\core\compiledshaders\downsamplebloomallcs.h
d:\mappedfolder\gitroot\build\x64\debug\output\core\compiledshaders\downsamplebloomcs.h
d:\mappedfolder\gitroot\build\x64\debug\output\core\compiledshaders\downsampledepthps.h
d:\mappedfolder\gitroot\build\x64\debug\output\core\compiledshaders\extractlumacs.h
d:\mappedfolder\gitroot\build\x64\debug\output\core\compiledshaders\fxaapass1_luma2_cs.h
d:\mappedfolder\gitroot\build\x64\debug\output\core\compiledshaders\fxaapass1_luma_cs.h
d:\mappedfolder\gitroot\build\x64\debug\output\core\compiledshaders\fxaapass1_rgb2_cs.h
d:\mappedfolder\gitroot\build\x64\debug\output\core\compiledshaders\fxaapass1_rgb_cs.h
d:\mappedfolder\gitroot\build\x64\debug\output\core\compiledshaders\fxaapass2h2cs.h
d:\mappedfolder\gitroot\build\x64\debug\output\core\compiledshaders\fxaapass2hdebug2cs.h
d:\mappedfolder\gitroot\build\x64\debug\output\core\compiledshaders\fxaapass2hdebugcs.h
d:\mappedfolder\gitroot\build\x64\debug\output\core\compiledshaders\fxaapass2v2cs.h
d:\mappedfolder\gitroot\build\x64\debug\output\core\compiledshaders\fxaapass2vdebug2cs.h
d:\mappedfolder\gitroot\build\x64\debug\output\core\compiledshaders\fxaapass2vdebugcs.h
d:\mappedfolder\gitroot\build\x64\debug\output\core\compiledshaders\generatehistogramcs.h
d:\mappedfolder\gitroot\build\x64\debug\output\core\compiledshaders\fxaapass2hcs.h
d:\mappedfolder\gitroot\build\x64\debug\output\core\compiledshaders\fxaapass2vcs.h
d:\mappedfolder\gitroot\build\x64\debug\output\core\compiledshaders\generatemipsgammacs.h
d:\mappedfolder\gitroot\build\x64\debug\output\core\compiledshaders\generatemipsgammaoddcs.h
d:\mappedfolder\gitroot\build\x64\debug\output\core\compiledshaders\generatemipsgammaoddxcs.h
d:\mappedfolder\gitroot\build\x64\debug\output\core\compiledshaders\generatemipsgammaoddycs.h
d:\mappedfolder\gitroot\build\x64\debug\output\core\compiledshaders\generatemipslinearcs.h
d:\mappedfolder\gitroot\build\x64\debug\output\core\compiledshaders\generatemipslinearoddcs.h
d:\mappedfolder\gitroot\build\x64\debug\output\core\compiledshaders\generatemipslinearoddxcs.h
d:\mappedfolder\gitroot\build\x64\debug\output\core\compiledshaders\generatemipslinearoddycs.h
d:\mappedfolder\gitroot\build\x64\debug\output\core\compiledshaders\lanczoscs.h
d:\mappedfolder\gitroot\build\x64\debug\output\core\compiledshaders\lanczosfast16cs.h
d:\mappedfolder\gitroot\build\x64\debug\output\core\compiledshaders\lanczosfast24cs.h
d:\mappedfolder\gitroot\build\x64\debug\output\core\compiledshaders\lanczosfast32cs.h
d:\mappedfolder\gitroot\build\x64\debug\output\core\compiledshaders\lanczoshorizontalps.h
d:\mappedfolder\gitroot\build\x64\debug\output\core\compiledshaders\lanczosverticalps.h
d:\mappedfolder\gitroot\build\x64\debug\output\core\compiledshaders\linearizedepthcs.h
d:\mappedfolder\gitroot\build\x64\debug\output\core\compiledshaders\magnifypixelsps.h
d:\mappedfolder\gitroot\build\x64\debug\output\core\compiledshaders\motionblurfinalpasscs.h
d:\mappedfolder\gitroot\build\x64\debug\output\core\compiledshaders\motionblurfinalpassps.h
d:\mappedfolder\gitroot\build\x64\debug\output\core\compiledshaders\motionblurprepasscs.h
d:\mappedfolder\gitroot\build\x64\debug\output\core\compiledshaders\fxaaresolveworkqueuecs.h
d:\mappedfolder\gitroot\build\x64\debug\output\core\compiledshaders\particlebincullingcs.h
d:\mappedfolder\gitroot\build\x64\debug\output\core\compiledshaders\particledepthboundscs.h
d:\mappedfolder\gitroot\build\x64\debug\output\core\compiledshaders\particledispatchindirectargscs.h
d:\mappedfolder\gitroot\build\x64\debug\output\core\compiledshaders\particlefinaldispatchindirectargscs.h
d:\mappedfolder\gitroot\build\x64\debug\output\core\compiledshaders\particlelargebincullingcs.h
d:\mappedfolder\gitroot\build\x64\debug\output\core\compiledshaders\particlenosortvs.h
d:\mappedfolder\gitroot\build\x64\debug\output\core\compiledshaders\particlepresortcs.h
d:\mappedfolder\gitroot\build\x64\debug\output\core\compiledshaders\particleps.h
d:\mappedfolder\gitroot\build\x64\debug\output\core\compiledshaders\particlesortindirectargscs.h
d:\mappedfolder\gitroot\build\x64\debug\output\core\compiledshaders\particlespawncs.h
d:\mappedfolder\gitroot\build\x64\debug\output\core\compiledshaders\particletilecullingcs.h
d:\mappedfolder\gitroot\build\x64\debug\output\core\compiledshaders\particletilerender2cs.h
d:\mappedfolder\gitroot\build\x64\debug\output\core\compiledshaders\particletilerendercs.h
d:\mappedfolder\gitroot\build\x64\debug\output\core\compiledshaders\particletilerenderfast2cs.h
d:\mappedfolder\gitroot\build\x64\debug\output\core\compiledshaders\particletilerenderfastcs.h
d:\mappedfolder\gitroot\build\x64\debug\output\core\compiledshaders\particletilerenderfastdynamic2cs.h
d:\mappedfolder\gitroot\build\x64\debug\output\core\compiledshaders\particletilerenderfastdynamiccs.h
d:\mappedfolder\gitroot\build\x64\debug\output\core\compiledshaders\particletilerenderfastlowres2cs.h
d:\mappedfolder\gitroot\build\x64\debug\output\core\compiledshaders\particletilerenderfastlowrescs.h
d:\mappedfolder\gitroot\build\x64\debug\output\core\compiledshaders\particletilerenderslowdynamic2cs.h
d:\mappedfolder\gitroot\build\x64\debug\output\core\compiledshaders\particletilerenderslowdynamiccs.h
d:\mappedfolder\gitroot\build\x64\debug\output\core\compiledshaders\particletilerenderslowlowres2cs.h
d:\mappedfolder\gitroot\build\x64\debug\output\core\compiledshaders\particletilerenderslowlowrescs.h
d:\mappedfolder\gitroot\build\x64\debug\output\core\compiledshaders\particleupdatecs.h
d:\mappedfolder\gitroot\build\x64\debug\output\core\compiledshaders\particlevs.h
d:\mappedfolder\gitroot\build\x64\debug\output\core\compiledshaders\perfgraphbackgroundvs.h
d:\mappedfolder\gitroot\build\x64\debug\output\core\compiledshaders\perfgraphps.h
d:\mappedfolder\gitroot\build\x64\debug\output\core\compiledshaders\perfgraphvs.h
d:\mappedfolder\gitroot\build\x64\debug\output\core\compiledshaders\presenthdrps.h
d:\mappedfolder\gitroot\build\x64\debug\output\core\compiledshaders\presentsdrps.h
d:\mappedfolder\gitroot\build\x64\debug\output\core\compiledshaders\resolvetaacs.h
d:\mappedfolder\gitroot\build\x64\debug\output\core\compiledshaders\scaleandcompositehdrps.h
d:\mappedfolder\gitroot\build\x64\debug\output\core\compiledshaders\scaleandcompositesdrps.h
d:\mappedfolder\gitroot\build\x64\debug\output\core\compiledshaders\screenquadcommonvs.h
d:\mappedfolder\gitroot\build\x64\debug\output\core\compiledshaders\screenquadpresentvs.h
d:\mappedfolder\gitroot\build\x64\debug\output\core\compiledshaders\sharpeningupsamplegammaps.h
d:\mappedfolder\gitroot\build\x64\debug\output\core\compiledshaders\sharpeningupsampleps.h
d:\mappedfolder\gitroot\build\x64\debug\output\core\compiledshaders\sharpentaacs.h
d:\mappedfolder\gitroot\build\x64\debug\output\core\compiledshaders\temporalblendcs.h
d:\mappedfolder\gitroot\build\x64\debug\output\core\compiledshaders\textantialiasps.h
d:\mappedfolder\gitroot\build\x64\debug\output\core\compiledshaders\textshadowps.h
d:\mappedfolder\gitroot\build\x64\debug\output\core\compiledshaders\textvs.h
d:\mappedfolder\gitroot\build\x64\debug\output\core\compiledshaders\tonemaphdr2cs.h
d:\mappedfolder\gitroot\build\x64\debug\output\core\compiledshaders\tonemaphdrcs.h
d:\mappedfolder\gitroot\build\x64\debug\output\core\compiledshaders\tonemap2cs.h
d:\mappedfolder\gitroot\build\x64\debug\output\core\compiledshaders\tonemapcs.h
d:\mappedfolder\gitroot\build\x64\debug\output\core\compiledshaders\upsampleandblurcs.h
d:\mappedfolder\gitroot\samplerfeedbackstreaming\build\x64\debug\output\core\core.lib
d:\mappedfolder\gitroot\samplerfeedbackstreaming\build\x64\debug\intermediate\core\core.vcxproj.filelistabsolute.txt
d:\mappedfolder\gitroot\samplerfeedbackstreaming\build\x64\debug\intermediate\core\core.tlog\cl.command.1.tlog
d:\mappedfolder\gitroot\samplerfeedbackstreaming\build\x64\debug\intermediate\core\core.tlog\cl.items.tlog
d:\mappedfolder\gitroot\samplerfeedbackstreaming\build\x64\debug\intermediate\core\core.tlog\cl.read.1.tlog
d:\mappedfolder\gitroot\samplerfeedbackstreaming\build\x64\debug\intermediate\core\core.tlog\cl.write.1.tlog
d:\mappedfolder\gitroot\samplerfeedbackstreaming\build\x64\debug\intermediate\core\core.tlog\dxc.command.1.tlog
d:\mappedfolder\gitroot\samplerfeedbackstreaming\build\x64\debug\intermediate\core\core.tlog\dxc.read.1.tlog
d:\mappedfolder\gitroot\samplerfeedbackstreaming\build\x64\debug\intermediate\core\core.tlog\dxc.write.1.tlog
d:\mappedfolder\gitroot\samplerfeedbackstreaming\build\x64\debug\intermediate\core\core.tlog\lib-link.read.1.tlog
d:\mappedfolder\gitroot\samplerfeedbackstreaming\build\x64\debug\intermediate\core\core.tlog\lib-link.write.1.tlog
d:\mappedfolder\gitroot\samplerfeedbackstreaming\build\x64\debug\intermediate\core\core.tlog\lib.command.1.tlog
