d:\mappedfolder\gitroot\sparsevirtualtexture\build\miniengine\dependencies\zlib\debug\zlibstaticd.pdb
d:\mappedfolder\gitroot\sparsevirtualtexture\build\miniengine\dependencies\zlib\zlibstatic.dir\debug\zutil.obj
d:\mappedfolder\gitroot\sparsevirtualtexture\build\miniengine\dependencies\zlib\zlibstatic.dir\debug\uncompr.obj
d:\mappedfolder\gitroot\sparsevirtualtexture\build\miniengine\dependencies\zlib\zlibstatic.dir\debug\trees.obj
d:\mappedfolder\gitroot\sparsevirtualtexture\build\miniengine\dependencies\zlib\zlibstatic.dir\debug\inffast.obj
d:\mappedfolder\gitroot\sparsevirtualtexture\build\miniengine\dependencies\zlib\zlibstatic.dir\debug\inftrees.obj
d:\mappedfolder\gitroot\sparsevirtualtexture\build\miniengine\dependencies\zlib\zlibstatic.dir\debug\infback.obj
d:\mappedfolder\gitroot\sparsevirtualtexture\build\miniengine\dependencies\zlib\zlibstatic.dir\debug\inflate.obj
d:\mappedfolder\gitroot\sparsevirtualtexture\build\miniengine\dependencies\zlib\zlibstatic.dir\debug\gzwrite.obj
d:\mappedfolder\gitroot\sparsevirtualtexture\build\miniengine\dependencies\zlib\zlibstatic.dir\debug\gzread.obj
d:\mappedfolder\gitroot\sparsevirtualtexture\build\miniengine\dependencies\zlib\zlibstatic.dir\debug\gzlib.obj
d:\mappedfolder\gitroot\sparsevirtualtexture\build\miniengine\dependencies\zlib\zlibstatic.dir\debug\gzclose.obj
d:\mappedfolder\gitroot\sparsevirtualtexture\build\miniengine\dependencies\zlib\zlibstatic.dir\debug\deflate.obj
d:\mappedfolder\gitroot\sparsevirtualtexture\build\miniengine\dependencies\zlib\zlibstatic.dir\debug\crc32.obj
d:\mappedfolder\gitroot\sparsevirtualtexture\build\miniengine\dependencies\zlib\zlibstatic.dir\debug\compress.obj
d:\mappedfolder\gitroot\sparsevirtualtexture\build\miniengine\dependencies\zlib\zlibstatic.dir\debug\adler32.obj
d:\mappedfolder\gitroot\sparsevirtualtexture\build\miniengine\dependencies\zlib\cmakefiles\generate.stamp
d:\mappedfolder\gitroot\sparsevirtualtexture\build\miniengine\dependencies\zlib\debug\zlibstaticd.lib
d:\mappedfolder\gitroot\sparsevirtualtexture\build\miniengine\dependencies\zlib\zlibstatic.dir\debug\zlibstatic.tlog\cl.command.1.tlog
d:\mappedfolder\gitroot\sparsevirtualtexture\build\miniengine\dependencies\zlib\zlibstatic.dir\debug\zlibstatic.tlog\cl.items.tlog
d:\mappedfolder\gitroot\sparsevirtualtexture\build\miniengine\dependencies\zlib\zlibstatic.dir\debug\zlibstatic.tlog\cl.read.1.tlog
d:\mappedfolder\gitroot\sparsevirtualtexture\build\miniengine\dependencies\zlib\zlibstatic.dir\debug\zlibstatic.tlog\cl.write.1.tlog
d:\mappedfolder\gitroot\sparsevirtualtexture\build\miniengine\dependencies\zlib\zlibstatic.dir\debug\zlibstatic.tlog\custombuild.command.1.tlog
d:\mappedfolder\gitroot\sparsevirtualtexture\build\miniengine\dependencies\zlib\zlibstatic.dir\debug\zlibstatic.tlog\custombuild.read.1.tlog
d:\mappedfolder\gitroot\sparsevirtualtexture\build\miniengine\dependencies\zlib\zlibstatic.dir\debug\zlibstatic.tlog\custombuild.write.1.tlog
d:\mappedfolder\gitroot\sparsevirtualtexture\build\miniengine\dependencies\zlib\zlibstatic.dir\debug\zlibstatic.tlog\lib-link.read.1.tlog
d:\mappedfolder\gitroot\sparsevirtualtexture\build\miniengine\dependencies\zlib\zlibstatic.dir\debug\zlibstatic.tlog\lib-link.write.1.tlog
d:\mappedfolder\gitroot\sparsevirtualtexture\build\miniengine\dependencies\zlib\zlibstatic.dir\debug\zlibstatic.tlog\lib.command.1.tlog
