d:\mappedfolder\gitroot\sparsevirtualtexture\build\miniengine\dependencies\directxmesh\directxmesh.dir\debug\cmake_pch.pch
d:\mappedfolder\gitroot\sparsevirtualtexture\build\miniengine\dependencies\directxmesh\debug\directxmesh.pdb
d:\mappedfolder\gitroot\sparsevirtualtexture\build\miniengine\dependencies\directxmesh\directxmesh.dir\debug\cmake_pch.obj
d:\mappedfolder\gitroot\sparsevirtualtexture\build\miniengine\dependencies\directxmesh\directxmesh.dir\debug\directxmeshweldvertices.obj
d:\mappedfolder\gitroot\sparsevirtualtexture\build\miniengine\dependencies\directxmesh\directxmesh.dir\debug\directxmeshvbwriter.obj
d:\mappedfolder\gitroot\sparsevirtualtexture\build\miniengine\dependencies\directxmesh\directxmesh.dir\debug\directxmeshvbreader.obj
d:\mappedfolder\gitroot\sparsevirtualtexture\build\miniengine\dependencies\directxmesh\directxmesh.dir\debug\directxmeshvalidate.obj
d:\mappedfolder\gitroot\sparsevirtualtexture\build\miniengine\dependencies\directxmesh\directxmesh.dir\debug\directxmeshutil.obj
d:\mappedfolder\gitroot\sparsevirtualtexture\build\miniengine\dependencies\directxmesh\directxmesh.dir\debug\directxmeshtangentframe.obj
d:\mappedfolder\gitroot\sparsevirtualtexture\build\miniengine\dependencies\directxmesh\directxmesh.dir\debug\directxmeshremap.obj
d:\mappedfolder\gitroot\sparsevirtualtexture\build\miniengine\dependencies\directxmesh\directxmesh.dir\debug\directxmeshoptimizetvc.obj
d:\mappedfolder\gitroot\sparsevirtualtexture\build\miniengine\dependencies\directxmesh\directxmesh.dir\debug\directxmeshoptimizelru.obj
d:\mappedfolder\gitroot\sparsevirtualtexture\build\miniengine\dependencies\directxmesh\directxmesh.dir\debug\directxmeshoptimize.obj
d:\mappedfolder\gitroot\sparsevirtualtexture\build\miniengine\dependencies\directxmesh\directxmesh.dir\debug\directxmeshnormals.obj
d:\mappedfolder\gitroot\sparsevirtualtexture\build\miniengine\dependencies\directxmesh\directxmesh.dir\debug\directxmeshletgenerator.obj
d:\mappedfolder\gitroot\sparsevirtualtexture\build\miniengine\dependencies\directxmesh\directxmesh.dir\debug\directxmeshgsadjacency.obj
d:\mappedfolder\gitroot\sparsevirtualtexture\build\miniengine\dependencies\directxmesh\directxmesh.dir\debug\directxmeshclean.obj
d:\mappedfolder\gitroot\sparsevirtualtexture\build\miniengine\dependencies\directxmesh\directxmesh.dir\debug\directxmeshadjacency.obj
d:\mappedfolder\gitroot\sparsevirtualtexture\build\miniengine\dependencies\directxmesh\cmakefiles\generate.stamp
d:\mappedfolder\gitroot\sparsevirtualtexture\build\miniengine\dependencies\directxmesh\debug\directxmesh.lib
d:\mappedfolder\gitroot\sparsevirtualtexture\build\miniengine\dependencies\directxmesh\directxmesh.dir\debug\directxmesh.tlog\cl.command.1.tlog
d:\mappedfolder\gitroot\sparsevirtualtexture\build\miniengine\dependencies\directxmesh\directxmesh.dir\debug\directxmesh.tlog\cl.items.tlog
d:\mappedfolder\gitroot\sparsevirtualtexture\build\miniengine\dependencies\directxmesh\directxmesh.dir\debug\directxmesh.tlog\cl.read.1.tlog
d:\mappedfolder\gitroot\sparsevirtualtexture\build\miniengine\dependencies\directxmesh\directxmesh.dir\debug\directxmesh.tlog\cl.write.1.tlog
d:\mappedfolder\gitroot\sparsevirtualtexture\build\miniengine\dependencies\directxmesh\directxmesh.dir\debug\directxmesh.tlog\custombuild.command.1.tlog
d:\mappedfolder\gitroot\sparsevirtualtexture\build\miniengine\dependencies\directxmesh\directxmesh.dir\debug\directxmesh.tlog\custombuild.read.1.tlog
d:\mappedfolder\gitroot\sparsevirtualtexture\build\miniengine\dependencies\directxmesh\directxmesh.dir\debug\directxmesh.tlog\custombuild.write.1.tlog
d:\mappedfolder\gitroot\sparsevirtualtexture\build\miniengine\dependencies\directxmesh\directxmesh.dir\debug\directxmesh.tlog\lib-link.read.1.tlog
d:\mappedfolder\gitroot\sparsevirtualtexture\build\miniengine\dependencies\directxmesh\directxmesh.dir\debug\directxmesh.tlog\lib-link.write.1.tlog
d:\mappedfolder\gitroot\sparsevirtualtexture\build\miniengine\dependencies\directxmesh\directxmesh.dir\debug\directxmesh.tlog\lib.command.1.tlog
